<?xml version="1.0" encoding="UTF-8"?>
<!-- Generated by org.testng.reporters.JUnitXMLReporter -->
<testsuite ignored="0" hostname="nbb-244-74" failures="0" tests="4" name="Group of group Test" time="36.949" errors="0" timestamp="2022-04-27T09:55:34 MSK">
  <testcase classname="tests.MainPageTest" name="checkDressCard" time="3.617"/>
  <testcase classname="tests.MainPageTest" name="checkSearchInputNone" time="2.112"/>
  <testcase classname="tests.ContactPageTest" name="checkMessageSent" time="4.29"/>
  <testcase classname="tests.EmptyCartPageTest" name="checkCardEmpty" time="1.061"/>
</testsuite> <!-- Group of group Test -->
