<?xml version="1.0" encoding="UTF-8"?>
<!-- Generated by org.testng.reporters.JUnitXMLReporter -->
<testsuite ignored="0" hostname="nbb-244-74" failures="0" tests="4" name="Group of group Test" time="101.626" errors="0" timestamp="2022-04-26T17:50:10 MSK">
  <testcase classname="tests.MainPageTest" name="checkDressCard" time="25.091"/>
  <testcase classname="tests.MainPageTest" name="checkSearchInputNone" time="7.299"/>
  <testcase classname="tests.ContactPageTest" name="checkMessageSent" time="12.329"/>
  <testcase classname="tests.EmptyCartPageTest" name="checkCardEmpty" time="12.006"/>
</testsuite> <!-- Group of group Test -->
