<?xml version="1.0" encoding="UTF-8"?>
<testsuite xmlns:xsi="http://www.w3.org/2001/XMLSchema-instance" xsi:noNamespaceSchemaLocation="https://maven.apache.org/surefire/maven-surefire-plugin/xsd/surefire-test-report.xsd" name="TestSuite" time="102.944" tests="4" errors="0" skipped="0" failures="0">
  <properties>
[...]
</properties>
  <testcase name="checkDressCard" classname="tests.MainPageTest" time="25.211"/>
  <testcase name="checkSearchInputNone" classname="tests.MainPageTest" time="7.307"/>
  <testcase name="checkMessageSent" classname="tests.ContactPageTest" time="12.331"/>
  <testcase name="checkCardEmpty" classname="tests.EmptyCartPageTest" time="12.009"/>
</testsuite>