<?xml version="1.0" encoding="UTF-8"?>
<testng-results ignored="0" total="4" passed="4" failed="0" skipped="0">
  <reporter-output>
  </reporter-output>
  <suite started-at="2022-04-26T00:06:49 MSK" name="Group of group Suite" finished-at="2022-04-26T00:07:20 MSK" duration-ms="31821">
    <groups>
    </groups>
    <test started-at="2022-04-26T00:06:49 MSK" name="Group of group Test" finished-at="2022-04-26T00:07:20 MSK" duration-ms="31821">
      <class name="tests.MainPageTest">
        <test-method is-config="true" signature="setUp()[pri:0, instance:tests.MainPageTest@bae7dc0]" started-at="2022-04-26T00:06:49 MSK" name="setUp" finished-at="2022-04-26T00:06:56 MSK" duration-ms="6904" status="PASS">
          <reporter-output>
          </reporter-output>
        </test-method> <!-- setUp -->
        <test-method signature="checkDressCard()[pri:0, instance:tests.MainPageTest@bae7dc0]" started-at="2022-04-26T00:06:56 MSK" name="checkDressCard" finished-at="2022-04-26T00:07:00 MSK" duration-ms="4682" status="PASS">
          <reporter-output>
          </reporter-output>
        </test-method> <!-- checkDressCard -->
        <test-method signature="checkSearchInputNone()[pri:0, instance:tests.MainPageTest@bae7dc0]" started-at="2022-04-26T00:07:00 MSK" name="checkSearchInputNone" finished-at="2022-04-26T00:07:01 MSK" duration-ms="1024" status="PASS">
          <reporter-output>
          </reporter-output>
        </test-method> <!-- checkSearchInputNone -->
        <test-method is-config="true" signature="closeUp()[pri:0, instance:tests.MainPageTest@bae7dc0]" started-at="2022-04-26T00:07:01 MSK" name="closeUp" finished-at="2022-04-26T00:07:02 MSK" duration-ms="722" status="PASS">
          <reporter-output>
          </reporter-output>
        </test-method> <!-- closeUp -->
      </class> <!-- tests.MainPageTest -->
      <class name="tests.EmptyCartPageTest">
        <test-method is-config="true" signature="setUp()[pri:0, instance:tests.EmptyCartPageTest@5d0a1059]" started-at="2022-04-26T00:07:12 MSK" name="setUp" finished-at="2022-04-26T00:07:18 MSK" duration-ms="6578" status="PASS">
          <reporter-output>
          </reporter-output>
        </test-method> <!-- setUp -->
        <test-method signature="checkCardEmpty()[pri:0, instance:tests.EmptyCartPageTest@5d0a1059]" started-at="2022-04-26T00:07:18 MSK" name="checkCardEmpty" finished-at="2022-04-26T00:07:20 MSK" duration-ms="1640" status="PASS">
          <reporter-output>
          </reporter-output>
        </test-method> <!-- checkCardEmpty -->
        <test-method is-config="true" signature="closeUp()[pri:0, instance:tests.EmptyCartPageTest@5d0a1059]" started-at="2022-04-26T00:07:20 MSK" name="closeUp" finished-at="2022-04-26T00:07:20 MSK" duration-ms="704" status="PASS">
          <reporter-output>
          </reporter-output>
        </test-method> <!-- closeUp -->
      </class> <!-- tests.EmptyCartPageTest -->
      <class name="tests.ContactPageTest">
        <test-method is-config="true" signature="setUp()[pri:0, instance:tests.ContactPageTest@c88a337]" started-at="2022-04-26T00:07:02 MSK" name="setUp" finished-at="2022-04-26T00:07:08 MSK" duration-ms="5603" status="PASS">
          <reporter-output>
          </reporter-output>
        </test-method> <!-- setUp -->
        <test-method signature="checkMessageSent()[pri:0, instance:tests.ContactPageTest@c88a337]" started-at="2022-04-26T00:07:08 MSK" name="checkMessageSent" finished-at="2022-04-26T00:07:11 MSK" duration-ms="3221" status="PASS">
          <reporter-output>
          </reporter-output>
        </test-method> <!-- checkMessageSent -->
        <test-method is-config="true" signature="closeUp()[pri:0, instance:tests.ContactPageTest@c88a337]" started-at="2022-04-26T00:07:11 MSK" name="closeUp" finished-at="2022-04-26T00:07:12 MSK" duration-ms="696" status="PASS">
          <reporter-output>
          </reporter-output>
        </test-method> <!-- closeUp -->
      </class> <!-- tests.ContactPageTest -->
    </test> <!-- Group of group Test -->
  </suite> <!-- Group of group Suite -->
</testng-results>
