<?xml version="1.0" encoding="UTF-8"?>
<testng-results ignored="0" total="4" passed="4" failed="0" skipped="0">
  <reporter-output>
  </reporter-output>
  <suite started-at="2022-04-26T12:14:49 MSK" name="Group of group Suite" finished-at="2022-04-26T12:16:14 MSK" duration-ms="85079">
    <groups>
    </groups>
    <test started-at="2022-04-26T12:14:49 MSK" name="Group of group Test" finished-at="2022-04-26T12:16:14 MSK" duration-ms="85079">
      <class name="tests.MainPageTest">
        <test-method is-config="true" signature="setUp()[pri:0, instance:tests.MainPageTest@415156bf]" started-at="2022-04-26T12:14:49 MSK" name="setUp" finished-at="2022-04-26T12:15:02 MSK" duration-ms="13766" status="PASS">
          <reporter-output>
          </reporter-output>
        </test-method> <!-- setUp -->
        <test-method signature="checkDressCard()[pri:0, instance:tests.MainPageTest@415156bf]" started-at="2022-04-26T12:15:02 MSK" name="checkDressCard" finished-at="2022-04-26T12:15:13 MSK" duration-ms="11036" status="PASS">
          <reporter-output>
          </reporter-output>
        </test-method> <!-- checkDressCard -->
        <test-method signature="checkSearchInputNone()[pri:0, instance:tests.MainPageTest@415156bf]" started-at="2022-04-26T12:15:14 MSK" name="checkSearchInputNone" finished-at="2022-04-26T12:15:23 MSK" duration-ms="9179" status="PASS">
          <reporter-output>
          </reporter-output>
        </test-method> <!-- checkSearchInputNone -->
        <test-method is-config="true" signature="closeUp()[pri:0, instance:tests.MainPageTest@415156bf]" started-at="2022-04-26T12:15:23 MSK" name="closeUp" finished-at="2022-04-26T12:15:24 MSK" duration-ms="800" status="PASS">
          <reporter-output>
          </reporter-output>
        </test-method> <!-- closeUp -->
      </class> <!-- tests.MainPageTest -->
      <class name="tests.EmptyCartPageTest">
        <test-method is-config="true" signature="setUp()[pri:0, instance:tests.EmptyCartPageTest@55cff952]" started-at="2022-04-26T12:15:56 MSK" name="setUp" finished-at="2022-04-26T12:16:07 MSK" duration-ms="10980" status="PASS">
          <reporter-output>
          </reporter-output>
        </test-method> <!-- setUp -->
        <test-method signature="checkCardEmpty()[pri:0, instance:tests.EmptyCartPageTest@55cff952]" started-at="2022-04-26T12:16:07 MSK" name="checkCardEmpty" finished-at="2022-04-26T12:16:13 MSK" duration-ms="6083" status="PASS">
          <reporter-output>
          </reporter-output>
        </test-method> <!-- checkCardEmpty -->
        <test-method is-config="true" signature="closeUp()[pri:0, instance:tests.EmptyCartPageTest@55cff952]" started-at="2022-04-26T12:16:13 MSK" name="closeUp" finished-at="2022-04-26T12:16:14 MSK" duration-ms="763" status="PASS">
          <reporter-output>
          </reporter-output>
        </test-method> <!-- closeUp -->
      </class> <!-- tests.EmptyCartPageTest -->
      <class name="tests.ContactPageTest">
        <test-method is-config="true" signature="setUp()[pri:0, instance:tests.ContactPageTest@353efdbf]" started-at="2022-04-26T12:15:24 MSK" name="setUp" finished-at="2022-04-26T12:15:41 MSK" duration-ms="17302" status="PASS">
          <reporter-output>
          </reporter-output>
        </test-method> <!-- setUp -->
        <test-method signature="checkMessageSent()[pri:0, instance:tests.ContactPageTest@353efdbf]" started-at="2022-04-26T12:15:41 MSK" name="checkMessageSent" finished-at="2022-04-26T12:15:55 MSK" duration-ms="14132" status="PASS">
          <reporter-output>
          </reporter-output>
        </test-method> <!-- checkMessageSent -->
        <test-method is-config="true" signature="closeUp()[pri:0, instance:tests.ContactPageTest@353efdbf]" started-at="2022-04-26T12:15:55 MSK" name="closeUp" finished-at="2022-04-26T12:15:56 MSK" duration-ms="749" status="PASS">
          <reporter-output>
          </reporter-output>
        </test-method> <!-- closeUp -->
      </class> <!-- tests.ContactPageTest -->
    </test> <!-- Group of group Test -->
  </suite> <!-- Group of group Suite -->
</testng-results>
